A. Parameters used by the GA 
	a. Representation: Permutation
	b. Population size: 40
	c. Maximum Generation: 100,000
	d. Recombination Method: Partially Mapped Crossover
	e. Mutation Method: Swap Mutation
	f. Parent Selection Method: Tournament Selection
	g. Survivor Selection Method: Elitism
	h. Probability for Recombination: 0.9
	i. Probability for Mutation: 0.05
	j. Survival Rate:0.2
B. Number of Generations Ran: 0
C. Total Running Time: 137milliseconds
D. Number of Population Restarts: 1
E. Phenotype of Best Performing Individual: 
	1 4 3 2 
	2 3 4 1 
	3 1 2 4 
	4 2 1 3 
F. Puzzle Solved
