A. Parameters used by the GA 
	a. Representation: Permutation
	b. Population size: 40
	c. Maximum Generation: 100,000
	d. Recombination Method: Partially Mapped Crossover
	e. Mutation Method: Swap Mutation
	f. Parent Selection Method: Tournament Selection
	g. Survivor Selection Method: Elitism
	h. Probability for Recombination: 0.9
	i. Probability for Mutation: 0.05
	j. Survival Rate:0.2
B. Number of Generations Ran: 19
C. Total Running Time: 5208milliseconds
D. Number of Population Restarts: 1
E. Phenotype of Best Performing Individual: 
	4 3 5 2 6 9 7 8 1 
	6 8 2 5 7 1 4 9 3 
	1 9 7 8 3 4 5 6 2 
	8 2 6 1 9 5 3 4 7 
	3 7 4 6 8 2 9 1 5 
	9 5 1 7 4 3 6 2 8 
	5 1 9 3 2 6 8 7 4 
	2 4 8 9 5 7 1 3 6 
	7 6 3 4 1 8 2 5 9 
F. Puzzle Solved
